0 info it worked if it ends with ok
1 verbose cli [ '/usr/local/Cellar/node/5.2.0/bin/node',
1 verbose cli   '/usr/local/bin/npm',
1 verbose cli   'run',
1 verbose cli   'test:ci' ]
2 info using npm@3.3.12
3 info using node@v5.2.0
4 verbose run-script [ 'pretest:ci', 'test:ci', 'posttest:ci' ]
5 info lifecycle xxi-svg-map@0.0.0-semantically-release~pretest:ci: xxi-svg-map@0.0.0-semantically-release
6 silly lifecycle xxi-svg-map@0.0.0-semantically-release~pretest:ci: no script for pretest:ci, continuing
7 info lifecycle xxi-svg-map@0.0.0-semantically-release~test:ci: xxi-svg-map@0.0.0-semantically-release
8 verbose lifecycle xxi-svg-map@0.0.0-semantically-release~test:ci: unsafe-perm in lifecycle true
9 verbose lifecycle xxi-svg-map@0.0.0-semantically-release~test:ci: PATH: /usr/local/lib/node_modules/npm/bin/node-gyp-bin:/Users/joani/Documents/Dev/xxi-svg-map/node_modules/.bin:/Users/joani/Documents/Dev/xxi-svg-map/node_modules/.bin:/usr/local/Cellar/git/2.6.4/libexec/git-core:/usr/local/bin:/usr/bin:/bin:/usr/sbin:/sbin:/Users/joani/Library/Android/sdk/platform-tools/:/Applications/Postgres.app/Contents/Versions/latest/bin
10 verbose lifecycle xxi-svg-map@0.0.0-semantically-release~test:ci: CWD: /Users/joani/Documents/Dev/xxi-svg-map
11 silly lifecycle xxi-svg-map@0.0.0-semantically-release~test:ci: Args: [ '-c',
11 silly lifecycle   'mocha --compilers js:babel-core/register --colors ./test/*.spec.js' ]
12 silly lifecycle xxi-svg-map@0.0.0-semantically-release~test:ci: Returned: code: 1  signal: null
13 info lifecycle xxi-svg-map@0.0.0-semantically-release~test:ci: Failed to exec test:ci script
14 verbose stack Error: xxi-svg-map@0.0.0-semantically-release test:ci: `mocha --compilers js:babel-core/register --colors ./test/*.spec.js`
14 verbose stack Exit status 1
14 verbose stack     at EventEmitter.<anonymous> (/usr/local/lib/node_modules/npm/lib/utils/lifecycle.js:232:16)
14 verbose stack     at emitTwo (events.js:88:13)
14 verbose stack     at EventEmitter.emit (events.js:173:7)
14 verbose stack     at ChildProcess.<anonymous> (/usr/local/lib/node_modules/npm/lib/utils/spawn.js:24:14)
14 verbose stack     at emitTwo (events.js:88:13)
14 verbose stack     at ChildProcess.emit (events.js:173:7)
14 verbose stack     at maybeClose (internal/child_process.js:819:16)
14 verbose stack     at Process.ChildProcess._handle.onexit (internal/child_process.js:212:5)
15 verbose pkgid xxi-svg-map@0.0.0-semantically-release
16 verbose cwd /Users/joani/Documents/Dev/xxi-svg-map
17 error Darwin 15.2.0
18 error argv "/usr/local/Cellar/node/5.2.0/bin/node" "/usr/local/bin/npm" "run" "test:ci"
19 error node v5.2.0
20 error npm  v3.3.12
21 error code ELIFECYCLE
22 error xxi-svg-map@0.0.0-semantically-release test:ci: `mocha --compilers js:babel-core/register --colors ./test/*.spec.js`
22 error Exit status 1
23 error Failed at the xxi-svg-map@0.0.0-semantically-release test:ci script 'mocha --compilers js:babel-core/register --colors ./test/*.spec.js'.
23 error Make sure you have the latest version of node.js and npm installed.
23 error If you do, this is most likely a problem with the xxi-svg-map package,
23 error not with npm itself.
23 error Tell the author that this fails on your system:
23 error     mocha --compilers js:babel-core/register --colors ./test/*.spec.js
23 error You can get their info via:
23 error     npm owner ls xxi-svg-map
23 error There is likely additional logging output above.
24 verbose exit [ 1, true ]
